Using pre-set license
Built from '2020.3/staging' branch; Version is '2020.3.26f1 (7298b473bc1a) revision 7510196'; Using compiler version '192528614'; Build Type 'Release'
OS: 'Windows 10  (10.0.19041) 64bit Professional' Language: 'fr' Physical Memory: 32544 MB
BatchMode: 1, IsHumanControllingUs: 0, StartBugReporterOnCrash: 0, Is64bit: 1, IsPro: 0

COMMAND LINE ARGUMENTS:
C:\Program Files\Unity\Hub\Editor\2020.3.26f1\Editor\Unity.exe
-adb2
-batchMode
-noUpm
-name
AssetImportWorker0
-projectPath
C:/Users/ggj2022/Desktop/git/FireIce/FireIce
-logFile
Logs/AssetImportWorker0.log
-srvPort
52018
Successfully changed project path to: C:/Users/ggj2022/Desktop/git/FireIce/FireIce
C:/Users/ggj2022/Desktop/git/FireIce/FireIce
Using Asset Import Pipeline V2.
Refreshing native plugins compatible for Editor in 57.05 ms, found 2 plugins.
Preloading 0 native plugins for Editor in 0.00 ms.
Initialize engine version: 2020.3.26f1 (7298b473bc1a)
[Subsystems] Discovering subsystems at path C:/Program Files/Unity/Hub/Editor/2020.3.26f1/Editor/Data/Resources/UnitySubsystems
[Subsystems] Discovering subsystems at path C:/Users/ggj2022/Desktop/git/FireIce/FireIce/Assets
GfxDevice: creating device client; threaded=0
Direct3D:
    Version:  Direct3D 11.0 [level 11.1]
    Renderer: NVIDIA GeForce RTX 3070 (ID=0x2484)
    Vendor:   
    VRAM:     8043 MB
    Driver:   30.0.14.7212
Initialize mono
Mono path[0] = 'C:/Program Files/Unity/Hub/Editor/2020.3.26f1/Editor/Data/Managed'
Mono path[1] = 'C:/Program Files/Unity/Hub/Editor/2020.3.26f1/Editor/Data/MonoBleedingEdge/lib/mono/unityjit'
Mono config path = 'C:/Program Files/Unity/Hub/Editor/2020.3.26f1/Editor/Data/MonoBleedingEdge/etc'
Using monoOptions --debugger-agent=transport=dt_socket,embedding=1,server=y,suspend=n,address=127.0.0.1:56444
Begin MonoManager ReloadAssembly
Registering precompiled unity dll's ...
Register platform support module: C:/Program Files/Unity/Hub/Editor/2020.3.26f1/Editor/Data/PlaybackEngines/WindowsStandaloneSupport/UnityEditor.WindowsStandalone.Extensions.dll
Registered in 0.001612 seconds.
Native extension for WindowsStandalone target not found
Refreshing native plugins compatible for Editor in 30.40 ms, found 2 plugins.
Preloading 0 native plugins for Editor in 0.00 ms.
Mono: successfully reloaded assembly
- Completed reload, in  0.505 seconds
Domain Reload Profiling:
	ReloadAssembly (505ms)
		BeginReloadAssembly (64ms)
			ExecutionOrderSort (0ms)
			DisableScriptedObjects (0ms)
			BackupInstance (0ms)
			ReleaseScriptingObjects (0ms)
			CreateAndSetChildDomain (1ms)
		EndReloadAssembly (380ms)
			LoadAssemblies (63ms)
			RebuildTransferFunctionScriptingTraits (0ms)
			SetupTypeCache (129ms)
			ReleaseScriptCaches (0ms)
			RebuildScriptCaches (25ms)
			SetupLoadedEditorAssemblies (137ms)
				LogAssemblyErrors (0ms)
				InitializePlatformSupportModulesInManaged (4ms)
				SetLoadedEditorAssemblies (0ms)
				RefreshPlugins (30ms)
				BeforeProcessingInitializeOnLoad (6ms)
				ProcessInitializeOnLoadAttributes (69ms)
				ProcessInitializeOnLoadMethodAttributes (28ms)
				AfterProcessingInitializeOnLoad (0ms)
				EditorAssembliesLoaded (0ms)
			ExecutionOrderSort2 (0ms)
			AwakeInstancesAfterBackupRestoration (0ms)
Platform modules already initialized, skipping
Registering precompiled user dll's ...
Registered in 0.003405 seconds.
Begin MonoManager ReloadAssembly
Native extension for WindowsStandalone target not found
Refreshing native plugins compatible for Editor in 0.40 ms, found 2 plugins.
Preloading 0 native plugins for Editor in 0.00 ms.
Mono: successfully reloaded assembly
- Completed reload, in  0.938 seconds
Domain Reload Profiling:
	ReloadAssembly (940ms)
		BeginReloadAssembly (143ms)
			ExecutionOrderSort (0ms)
			DisableScriptedObjects (5ms)
			BackupInstance (0ms)
			ReleaseScriptingObjects (0ms)
			CreateAndSetChildDomain (15ms)
		EndReloadAssembly (742ms)
			LoadAssemblies (139ms)
			RebuildTransferFunctionScriptingTraits (0ms)
			SetupTypeCache (245ms)
			ReleaseScriptCaches (0ms)
			RebuildScriptCaches (37ms)
			SetupLoadedEditorAssemblies (266ms)
				LogAssemblyErrors (0ms)
				InitializePlatformSupportModulesInManaged (4ms)
				SetLoadedEditorAssemblies (1ms)
				RefreshPlugins (0ms)
				BeforeProcessingInitializeOnLoad (53ms)
				ProcessInitializeOnLoadAttributes (193ms)
				ProcessInitializeOnLoadMethodAttributes (8ms)
				AfterProcessingInitializeOnLoad (6ms)
				EditorAssembliesLoaded (0ms)
			ExecutionOrderSort2 (0ms)
			AwakeInstancesAfterBackupRestoration (6ms)
Platform modules already initialized, skipping
========================================================================
Worker process is ready to serve import requests
Launched and connected shader compiler UnityShaderCompiler.exe after 0.03 seconds
Refreshing native plugins compatible for Editor in 0.37 ms, found 2 plugins.
Preloading 0 native plugins for Editor in 0.00 ms.
Unloading 1866 Unused Serialized files (Serialized files now loaded: 0)
System memory in use before: 84.0 MB.
System memory in use after: 84.0 MB.

Unloading 20 unused Assets to reduce memory usage. Loaded Objects now: 2299.
Total: 2.461300 ms (FindLiveObjects: 0.154700 ms CreateObjectMapping: 0.064300 ms MarkObjects: 2.160500 ms  DeleteObjects: 0.081100 ms)

AssetImportParameters requested are different than current active one (requested -> active):
  custom:framework-win-MediaFoundation: 216162199b28c13a410421893ffa2e32 -> 
  custom:video-decoder-ogg-theora: a1e56fd34408186e4bbccfd4996cb3dc -> 
  custom:container-muxer-webm: aa71ff27fc2769a1b78a27578f13a17b -> 
  custom:container-demuxer-webm: 4f35f7cbe854078d1ac9338744f61a02 -> 
  custom:container-demuxer-ogg: 62fdf1f143b41e24485cea50d1cbac27 -> 
  custom:video-encoder-webm-vp8: eb34c28f22e8b96e1ab97ce403110664 -> 
  custom:video-decoder-webm-vp8: 9c59270c3fd7afecdb556c50c9e8de78 -> 
  custom:audio-decoder-ogg-vorbis: bf7c407c2cedff20999df2af8eb42d56 -> 
  custom:audio-encoder-webm-vorbis: bf7c407c2cedff20999df2af8eb42d56 -> 
========================================================================
Received Import Request.
  path: Assets/Scenes/Tutorial scene.unity
  artifactKey: Guid(1723fa1a1243baf40a6d5f10f31c0257) Importer(815301076,1909f56bfc062723c751e8b465ee728b)
Start importing Assets/Scenes/Tutorial scene.unity using Guid(1723fa1a1243baf40a6d5f10f31c0257) Importer(815301076,1909f56bfc062723c751e8b465ee728b)  -> (artifact id: '45c0b155be6a0bc27fa518ef91c22270') in 0.014435 seconds 
  Import took 0.017456 seconds .

========================================================================
Received Import Request.
  Time since last request: 0.000252 seconds.
  path: Assets/Scenes
  artifactKey: Guid(33b337187b62acd4ca8ae032e3504f41) Importer(815301076,1909f56bfc062723c751e8b465ee728b)
Start importing Assets/Scenes using Guid(33b337187b62acd4ca8ae032e3504f41) Importer(815301076,1909f56bfc062723c751e8b465ee728b)  -> (artifact id: '516f47e4071d830e7acd2ead04e64ae0') in 0.006722 seconds 
  Import took 0.009358 seconds .

========================================================================
Received Import Request.
  Time since last request: 399.855584 seconds.
  path: Assets/Material/New Material 4.mat
  artifactKey: Guid(e224810c7fcfb154fb4ec4f13a286ffd) Importer(815301076,1909f56bfc062723c751e8b465ee728b)
Start importing Assets/Material/New Material 4.mat using Guid(e224810c7fcfb154fb4ec4f13a286ffd) Importer(815301076,1909f56bfc062723c751e8b465ee728b)  -> (artifact id: '19b02766b0423fd1fafe8e405e6a234a') in 0.084650 seconds 
  Import took 0.088057 seconds .

========================================================================
Received Import Request.
  Time since last request: 0.000279 seconds.
  path: Assets/Material/New Material 5.mat
  artifactKey: Guid(fd355a86c03923344ba06e2be82827a1) Importer(815301076,1909f56bfc062723c751e8b465ee728b)
Start importing Assets/Material/New Material 5.mat using Guid(fd355a86c03923344ba06e2be82827a1) Importer(815301076,1909f56bfc062723c751e8b465ee728b)  -> (artifact id: '4254ccf7234ab6ce9d39b5eb67254a3e') in 0.015057 seconds 
  Import took 0.017629 seconds .

========================================================================
Received Import Request.
  Time since last request: 312.145606 seconds.
  path: Assets/VFX
  artifactKey: Guid(9ebe7d0e296fa784189f8024d6518871) Importer(815301076,1909f56bfc062723c751e8b465ee728b)
Start importing Assets/VFX using Guid(9ebe7d0e296fa784189f8024d6518871) Importer(815301076,1909f56bfc062723c751e8b465ee728b)  -> (artifact id: '750b3eaf2592deb5e85b429bc692c118') in 0.006839 seconds 
  Import took 0.010267 seconds .

========================================================================
Received Import Request.
  Time since last request: 106.531092 seconds.
  path: Assets
  artifactKey: Guid(00000000000000001000000000000000) Importer(815301076,1909f56bfc062723c751e8b465ee728b)
Start importing Assets using Guid(00000000000000001000000000000000) Importer(815301076,1909f56bfc062723c751e8b465ee728b)  -> (artifact id: '42d402b061de3733987d63b9cc3b64de') in 0.005503 seconds 
  Import took 0.007897 seconds .

========================================================================
Received Import Request.
  Time since last request: 209.097232 seconds.
  path: Assets/Material/New Material 6.mat
  artifactKey: Guid(e00f88172824aad4c90586729449b5a8) Importer(815301076,1909f56bfc062723c751e8b465ee728b)
Start importing Assets/Material/New Material 6.mat using Guid(e00f88172824aad4c90586729449b5a8) Importer(815301076,1909f56bfc062723c751e8b465ee728b)  -> (artifact id: '2f6fa9a66705956c0a81d7dafc9cbf97') in 0.019018 seconds 
  Import took 0.022912 seconds .

========================================================================
Received Import Request.
  Time since last request: 472.542423 seconds.
  path: Assets/Material/New Material 7.mat
  artifactKey: Guid(bc6370739f1596745b8d28f1cf46864b) Importer(815301076,1909f56bfc062723c751e8b465ee728b)
Start importing Assets/Material/New Material 7.mat using Guid(bc6370739f1596745b8d28f1cf46864b) Importer(815301076,1909f56bfc062723c751e8b465ee728b)  -> (artifact id: 'fe882124c08da615b1a7f51e4f54c56b') in 0.016875 seconds 
  Import took 0.020322 seconds .

========================================================================
Received Import Request.
  Time since last request: 417.909150 seconds.
  path: Assets/Material/New Material 8.mat
  artifactKey: Guid(c01c39ae806c0a54583c97b1240189a2) Importer(815301076,1909f56bfc062723c751e8b465ee728b)
Start importing Assets/Material/New Material 8.mat using Guid(c01c39ae806c0a54583c97b1240189a2) Importer(815301076,1909f56bfc062723c751e8b465ee728b)  -> (artifact id: 'a2e2bf9b72240046a1c82e16e64f77fa') in 0.016456 seconds 
  Import took 0.020069 seconds .

========================================================================
Received Import Request.
  Time since last request: 1147.922197 seconds.
  path: Assets/Material/New Material 6.mat
  artifactKey: Guid(e00f88172824aad4c90586729449b5a8) Importer(815301076,1909f56bfc062723c751e8b465ee728b)
Start importing Assets/Material/New Material 6.mat using Guid(e00f88172824aad4c90586729449b5a8) Importer(815301076,1909f56bfc062723c751e8b465ee728b)  -> (artifact id: '1240a697d4028e809c8cce929da1d8ef') in 0.021299 seconds 
  Import took 0.024522 seconds .

========================================================================
Received Import Request.
  Time since last request: 0.000164 seconds.
  path: Assets/Material/New Material.mat
  artifactKey: Guid(aa6c794790e02a043bf666dbb9610338) Importer(815301076,1909f56bfc062723c751e8b465ee728b)
Start importing Assets/Material/New Material.mat using Guid(aa6c794790e02a043bf666dbb9610338) Importer(815301076,1909f56bfc062723c751e8b465ee728b)  -> (artifact id: 'c0036d5d400317b67a1cd091c64e3348') in 0.013408 seconds 
  Import took 0.016312 seconds .

========================================================================
Received Import Request.
  Time since last request: 0.000153 seconds.
  path: Assets/Material/New Material 8.mat
  artifactKey: Guid(c01c39ae806c0a54583c97b1240189a2) Importer(815301076,1909f56bfc062723c751e8b465ee728b)
Start importing Assets/Material/New Material 8.mat using Guid(c01c39ae806c0a54583c97b1240189a2) Importer(815301076,1909f56bfc062723c751e8b465ee728b)  -> (artifact id: '5d458175885e1f5650435a73290542bc') in 0.017873 seconds 
  Import took 0.020480 seconds .

========================================================================
Received Import Request.
  Time since last request: 0.000167 seconds.
  path: Assets/Material/New Material 7.mat
  artifactKey: Guid(bc6370739f1596745b8d28f1cf46864b) Importer(815301076,1909f56bfc062723c751e8b465ee728b)
Start importing Assets/Material/New Material 7.mat using Guid(bc6370739f1596745b8d28f1cf46864b) Importer(815301076,1909f56bfc062723c751e8b465ee728b)  -> (artifact id: 'bb75ae952767890fad9b72c28c0a3660') in 0.012763 seconds 
  Import took 0.015681 seconds .

AssetImportWorkerClient::OnTransportError - code=2 error=End of file
